\BOOKMARK [0][-]{chapter.1}{\376\377\173\054\0001\172\340\000\040\000\040\000L\000i\000s\000t\000,\000\040\000H\000a\000s\000h\000t\000a\000b\000l\000e\000,\000\040\000S\000t\000a\000c\000k\000,\000\040\000S\000o\000r\000t}{}% 1
\BOOKMARK [1][-]{section.1.1}{\376\377\0001\000.\0001\000\040\000A\000d\000d\000\040\000T\000w\000o\000\040\000N\000u\000m\000b\000e\000r\000s}{chapter.1}% 2
\BOOKMARK [1][-]{section.1.2}{\376\377\0001\000.\0002\000\040\000A\000d\000d\000\040\000T\000w\000o\000\040\000N\000u\000m\000b\000e\000r\000s\000\040\000I\000I}{chapter.1}% 3
\BOOKMARK [1][-]{section.1.3}{\376\377\0001\000.\0003\000\040\000R\000e\000v\000e\000r\000s\000e\000\040\000L\000i\000n\000k\000e\000d\000\040\000L\000i\000s\000t}{chapter.1}% 4
\BOOKMARK [1][-]{section.1.4}{\376\377\0001\000.\0004\000\040\000R\000e\000v\000e\000r\000s\000e\000\040\000L\000i\000n\000k\000e\000d\000\040\000L\000i\000s\000t\000\040\000I\000I}{chapter.1}% 5
\BOOKMARK [1][-]{section.1.5}{\376\377\0001\000.\0005\000\040\000S\000o\000r\000t\000\040\000L\000i\000s\000t}{chapter.1}% 6
\BOOKMARK [1][-]{section.1.6}{\376\377\0001\000.\0006\000\040\000L\000i\000n\000k\000e\000d\000\040\000L\000i\000s\000t\000\040\000C\000y\000c\000l\000e}{chapter.1}% 7
\BOOKMARK [1][-]{section.1.7}{\376\377\0001\000.\0007\000\040\000L\000i\000n\000k\000e\000d\000\040\000L\000i\000s\000t\000\040\000C\000y\000c\000l\000e\000\040\000I\000I}{chapter.1}% 8
\BOOKMARK [1][-]{section.1.8}{\376\377\0001\000.\0008\000\040\000O\000d\000d\000\040\000E\000v\000e\000n\000\040\000L\000i\000n\000k\000e\000d\000\040\000L\000i\000s\000t}{chapter.1}% 9
\BOOKMARK [1][-]{section.1.9}{\376\377\0001\000.\0009\000\040\000M\000e\000r\000g\000e\000\040\000T\000w\000o\000\040\000S\000o\000r\000t\000e\000d\000\040\000L\000i\000s\000t\000s}{chapter.1}% 10
\BOOKMARK [1][-]{section.1.10}{\376\377\0001\000.\0001\0000\000\040\000I\000n\000t\000e\000r\000s\000e\000c\000t\000i\000o\000n\000\040\000o\000f\000\040\000T\000w\000o\000\040\000L\000i\000n\000k\000e\000d\000\040\000L\000i\000s\000t\000s}{chapter.1}% 11
\BOOKMARK [1][-]{section.1.11}{\376\377\0001\000.\0001\0001\000\040\000C\000o\000p\000y\000\040\000L\000i\000s\000t\000\040\000w\000i\000t\000h\000\040\000R\000a\000n\000d\000o\000m\000\040\000P\000o\000i\000n\000t\000e\000r}{chapter.1}% 12
\BOOKMARK [1][-]{section.1.12}{\376\377\0001\000.\0001\0002\000\040\000M\000e\000r\000g\000e\000\040\000k\000\040\000S\000o\000r\000t\000e\000d\000\040\000L\000i\000s\000t\000s}{chapter.1}% 13
\BOOKMARK [1][-]{section.1.13}{\376\377\0001\000.\0001\0003\000\040\000P\000a\000l\000i\000n\000d\000r\000o\000m\000e\000\040\000L\000i\000n\000k\000e\000d\000\040\000L\000i\000s\000t}{chapter.1}% 14
\BOOKMARK [1][-]{section.1.14}{\376\377\0001\000.\0001\0004\000\040\000I\000n\000s\000e\000r\000t\000i\000o\000n\000\040\000S\000o\000r\000t\000\040\000L\000i\000s\000t}{chapter.1}% 15
\BOOKMARK [1][-]{section.1.15}{\376\377\0001\000.\0001\0005\000\040\000R\000e\000m\000o\000v\000e\000\040\000N\000t\000h\000\040\000N\000o\000d\000e\000\040\000F\000r\000o\000m\000\040\000E\000n\000d\000\040\000o\000f\000\040\000L\000i\000s\000t}{chapter.1}% 16
\BOOKMARK [1][-]{section.1.16}{\376\377\0001\000.\0001\0006\000\040\000R\000e\000o\000r\000d\000e\000r\000\040\000L\000i\000s\000t}{chapter.1}% 17
\BOOKMARK [1][-]{section.1.17}{\376\377\0001\000.\0001\0007\000\040\000S\000w\000a\000p\000\040\000N\000o\000d\000e\000s\000\040\000i\000n\000\040\000P\000a\000i\000r\000s}{chapter.1}% 18
\BOOKMARK [1][-]{section.1.18}{\376\377\0001\000.\0001\0008\000\040\000R\000e\000m\000o\000v\000e\000\040\000L\000i\000n\000k\000e\000d\000\040\000L\000i\000s\000t\000\040\000E\000l\000e\000m\000e\000n\000t\000s}{chapter.1}% 19
\BOOKMARK [1][-]{section.1.19}{\376\377\0001\000.\0001\0009\000\040\000R\000e\000m\000o\000v\000e\000\040\000D\000u\000p\000l\000i\000c\000a\000t\000e\000s\000\040\000f\000r\000o\000m\000\040\000S\000o\000r\000t\000e\000d\000\040\000L\000i\000s\000t}{chapter.1}% 20
\BOOKMARK [1][-]{section.1.20}{\376\377\0001\000.\0002\0000\000\040\000R\000e\000m\000o\000v\000e\000\040\000D\000u\000p\000l\000i\000c\000a\000t\000e\000s\000\040\000f\000r\000o\000m\000\040\000S\000o\000r\000t\000e\000d\000\040\000L\000i\000s\000t\000\040\000I\000I}{chapter.1}% 21
\BOOKMARK [1][-]{section.1.21}{\376\377\0001\000.\0002\0001\000\040\000C\000o\000n\000v\000e\000r\000t\000\040\000S\000o\000r\000t\000e\000d\000\040\000L\000i\000s\000t\000\040\000t\000o\000\040\000B\000i\000n\000a\000r\000y\000\040\000S\000e\000a\000r\000c\000h\000\040\000T\000r\000e\000e}{chapter.1}% 22
\BOOKMARK [1][-]{section.1.22}{\376\377\0001\000.\0002\0002\000\040\000P\000a\000r\000t\000i\000t\000i\000o\000n\000\040\000L\000i\000s\000t}{chapter.1}% 23
\BOOKMARK [1][-]{section.1.23}{\376\377\0001\000.\0002\0003\000\040\000R\000e\000v\000e\000r\000s\000e\000\040\000N\000o\000d\000e\000s\000\040\000i\000n\000\040\000k\000-\000G\000r\000o\000u\000p}{chapter.1}% 24
\BOOKMARK [1][-]{section.1.24}{\376\377\0001\000.\0002\0004\000\040\000R\000o\000t\000a\000t\000e\000\040\000L\000i\000s\000t}{chapter.1}% 25
\BOOKMARK [1][-]{section.1.25}{\376\377\0001\000.\0002\0005\000\040\000P\000l\000u\000s\000\040\000O\000n\000e\000\040\000L\000i\000n\000k\000e\000d\000\040\000L\000i\000s\000t}{chapter.1}% 26
